<?xml version="1.0" encoding="UTF-8"?>
<testng-results skipped="0" failed="0" ignored="0" total="1" passed="1">
  <reporter-output>
  </reporter-output>
  <suite name="Default suite" duration-ms="2317" started-at="2021-04-27T15:57:24 CDT" finished-at="2021-04-27T15:57:27 CDT">
    <groups>
    </groups>
    <test name="Default test" duration-ms="2317" started-at="2021-04-27T15:57:24 CDT" finished-at="2021-04-27T15:57:27 CDT">
      <class name="com.example.restservice.RestServiceApplicationTests">
        <test-method status="PASS" signature="SampleTest()[pri:0, instance:com.example.restservice.RestServiceApplicationTests@12cdcf4]" name="SampleTest" duration-ms="2272" started-at="2021-04-27T15:57:24 CDT" finished-at="2021-04-27T15:57:27 CDT">
          <reporter-output>
          </reporter-output>
        </test-method> <!-- SampleTest -->
      </class> <!-- com.example.restservice.RestServiceApplicationTests -->
    </test> <!-- Default test -->
  </suite> <!-- Default suite -->
</testng-results>
