<?xml version="1.0" encoding="UTF-8"?>
<testng-results skipped="0" failed="0" ignored="0" total="1" passed="1">
  <reporter-output>
  </reporter-output>
  <suite name="Default suite" duration-ms="2549" started-at="2021-04-27T16:06:26 CDT" finished-at="2021-04-27T16:06:29 CDT">
    <groups>
    </groups>
    <test name="Default test" duration-ms="2549" started-at="2021-04-27T16:06:26 CDT" finished-at="2021-04-27T16:06:29 CDT">
      <class name="com.example.restservice.RestAPIAutomationTests">
        <test-method status="PASS" signature="SampleTest()[pri:0, instance:com.example.restservice.RestAPIAutomationTests@12cdcf4]" name="SampleTest" duration-ms="2496" started-at="2021-04-27T16:06:26 CDT" finished-at="2021-04-27T16:06:29 CDT">
          <reporter-output>
          </reporter-output>
        </test-method> <!-- SampleTest -->
      </class> <!-- com.example.restservice.RestAPIAutomationTests -->
    </test> <!-- Default test -->
  </suite> <!-- Default suite -->
</testng-results>
